c:\git\seplugin\common\x64_v142\debug\common_vc14.pdb
c:\git\seplugin\common\x64_v142\debug\common_vc14.idb
c:\git\seplugin\common\x64_v142\debug\itypes.obj
c:\git\seplugin\common\x64_v142\debug\itimer.obj
c:\git\seplugin\common\x64_v142\debug\isingleton.obj
c:\git\seplugin\common\x64_v142\debug\isegmentstream.obj
c:\git\seplugin\common\x64_v142\debug\iprefix.obj
c:\git\seplugin\common\x64_v142\debug\imutex.obj
c:\git\seplugin\common\x64_v142\debug\iinterlockedlong.obj
c:\git\seplugin\common\x64_v142\debug\ifilestream.obj
c:\git\seplugin\common\x64_v142\debug\ievent.obj
c:\git\seplugin\common\x64_v142\debug\ierrors.obj
c:\git\seplugin\common\x64_v142\debug\idirectoryiterator.obj
c:\git\seplugin\common\x64_v142\debug\idebuglog.obj
c:\git\seplugin\common\x64_v142\debug\idatastream.obj
c:\git\seplugin\common\x64_v142\debug\ibufferstream.obj
c:\git\seplugin\x64_v142\debug\common_vc14.lib
c:\git\seplugin\common\x64_v142\debug\common_vc14.tlog\cl.command.1.tlog
c:\git\seplugin\common\x64_v142\debug\common_vc14.tlog\cl.read.1.tlog
c:\git\seplugin\common\x64_v142\debug\common_vc14.tlog\cl.write.1.tlog
c:\git\seplugin\common\x64_v142\debug\common_vc14.tlog\lib-link.read.1.tlog
c:\git\seplugin\common\x64_v142\debug\common_vc14.tlog\lib-link.write.1.tlog
c:\git\seplugin\common\x64_v142\debug\common_vc14.tlog\lib.command.1.tlog
