c:\git\seplugin\skmp\x64\debug\vc142.pdb
c:\git\seplugin\skmp\x64\debug\main.obj
c:\git\seplugin\skmp\x64\debug\myplugin.obj
c:\git\seplugin\skmp\x64\debug\locationutils.obj
c:\git\seplugin\x64\debug\undaunted.dll
c:\git\seplugin\x64\debug\undaunted.ilk
c:\git\seplugin\x64\debug\undaunted.pdb
c:\git\seplugin\x64\debug\undaunted.lib
c:\git\seplugin\x64\debug\undaunted.exp
c:\git\seplugin\skmp\x64\debug\undaunted.tlog\cl.command.1.tlog
c:\git\seplugin\skmp\x64\debug\undaunted.tlog\cl.read.1.tlog
c:\git\seplugin\skmp\x64\debug\undaunted.tlog\cl.write.1.tlog
c:\git\seplugin\skmp\x64\debug\undaunted.tlog\link.1304-cvtres.read.1.tlog
c:\git\seplugin\skmp\x64\debug\undaunted.tlog\link.1304-cvtres.write.1.tlog
c:\git\seplugin\skmp\x64\debug\undaunted.tlog\link.1304-rc.read.1.tlog
c:\git\seplugin\skmp\x64\debug\undaunted.tlog\link.1304-rc.write.1.tlog
c:\git\seplugin\skmp\x64\debug\undaunted.tlog\link.1304.read.1.tlog
c:\git\seplugin\skmp\x64\debug\undaunted.tlog\link.1304.write.1.tlog
c:\git\seplugin\skmp\x64\debug\undaunted.tlog\link.command.1.tlog
c:\git\seplugin\skmp\x64\debug\undaunted.tlog\link.read.1.tlog
c:\git\seplugin\skmp\x64\debug\undaunted.tlog\link.write.1.tlog
c:\git\seplugin\skmp\x64\debug\undaunted.tlog\undaunted.write.1u.tlog
