  BSModelDB.cpp
  Colors.cpp
  CustomMenu.cpp
  GameAPI.cpp
  GameBSExtraData.cpp
  GameCamera.cpp
  GameData.cpp
  GameEvents.cpp
  GameExtraData.cpp
  GameFormComponents.cpp
  GameForms.cpp
  GameHandlers.cpp
  GameInput.cpp
  GameMenus.cpp
  GameObjects.cpp
  GameReferences.cpp
  GameResources.cpp
  GameRTTI.cpp
  GameSettings.cpp
  GameStreams.cpp
  Generating Code...
  Compiling...
  GameThreads.cpp
  GameTypes.cpp
  GameUtilities.cpp
  GlobalLocks.cpp
  HashUtil.cpp
  Hooks_Camera.cpp
  Hooks_Data.cpp
  Hooks_Debug.cpp
  Hooks_Diagnostics.cpp
  Hooks_DirectInput8Create.cpp
  Hooks_Event.cpp
  Hooks_Gameplay.cpp
  Hooks_Handlers.cpp
  Hooks_NetImmerse.cpp
  Hooks_ObScript.cpp
  Hooks_Papyrus.cpp
  Hooks_SaveLoad.cpp
  Hooks_Scaleform.cpp
  Hooks_Threads.cpp
  Hooks_UI.cpp
  Generating Code...
  Compiling...
  InputMap.cpp
  InternalSerialization.cpp
  InternalTasks.cpp
  NiAdditionalGeometryData.cpp
  NiControllers.cpp
  NiExtraData.cpp
  NiGeometry.cpp
  NiLight.cpp
  NiMaterial.cpp
  NiNodes.cpp
  NiObjects.cpp
  NiProperties.cpp
  NiRenderer.cpp
  NiRTTI.cpp
  NiSerialization.cpp
  NiTextures.cpp
  NiTypes.cpp
  ObScript.cpp
  PapyrusActiveMagicEffect.cpp
  PapyrusActor.cpp
  Generating Code...
  Compiling...
  PapyrusActorBase.cpp
  PapyrusActorValueInfo.cpp
  PapyrusAlias.cpp
  PapyrusAmmo.cpp
  PapyrusArgs.cpp
  PapyrusArmor.cpp
  PapyrusArmorAddon.cpp
  PapyrusArt.cpp
  PapyrusBook.cpp
  PapyrusCamera.cpp
  PapyrusCell.cpp
  PapyrusClass.cpp
  PapyrusColorForm.cpp
  PapyrusCombatStyle.cpp
  PapyrusConstructibleObject.cpp
  PapyrusDefaultObjectManager.cpp
  PapyrusDelayFunctors.cpp
  PapyrusEnchantment.cpp
  PapyrusEquipSlot.cpp
  PapyrusEvents.cpp
  Generating Code...
  Compiling...
  PapyrusFaction.cpp
  PapyrusFlora.cpp
  PapyrusForm.cpp
  PapyrusFormList.cpp
  PapyrusGame.cpp
  PapyrusGameData.cpp
  PapyrusHeadPart.cpp
  PapyrusIngredient.cpp
  PapyrusInput.cpp
  PapyrusKeyword.cpp
  PapyrusLeveledActor.cpp
  PapyrusLeveledItem.cpp
  PapyrusLeveledSpell.cpp
  PapyrusMagicEffect.cpp
  PapyrusMath.cpp
  PapyrusMisc.cpp
  PapyrusModEvent.cpp
  PapyrusNativeFunctions.cpp
  PapyrusNetImmerse.cpp
  PapyrusObjectReference.cpp
  Generating Code...
  Compiling...
  PapyrusObjects.cpp
  PapyrusPerk.cpp
  PapyrusPotion.cpp
  PapyrusQuest.cpp
  PapyrusRace.cpp
  PapyrusReferenceAlias.cpp
  PapyrusScroll.cpp
  PapyrusShout.cpp
  PapyrusSKSE.cpp
  PapyrusSound.cpp
  PapyrusSoundDescriptor.cpp
  PapyrusSpawnerTask.cpp
  PapyrusSpell.cpp
  PapyrusStringUtil.cpp
  PapyrusTextureSet.cpp
  PapyrusTree.cpp
  PapyrusUI.cpp
  PapyrusUICallback.cpp
  PapyrusUtility.cpp
  PapyrusValue.cpp
  Generating Code...
  Compiling...
  PapyrusVM.cpp
  PapyrusWeapon.cpp
  PapyrusWeather.cpp
  PapyrusWornObject.cpp
  PluginManager.cpp
  ScaleformAPI.cpp
  ScaleformCallbacks.cpp
  ScaleformExtendedData.cpp
  ScaleformLoader.cpp
  ScaleformMovie.cpp
  ScaleformState.cpp
  ScaleformTypes.cpp
  ScaleformValue.cpp
  ScaleformVM.cpp
  Serialization.cpp
  skse64.cpp
  PapyrusInterfaces.cpp
  Translation.cpp
  Generating Code...
  skse64.vcxproj -> C:\git\Undaunted\x64\Debug\skse64_1_5_97.lib
  Installing DLL...
          1 file(s) copied.
